<?xml version="1.0" encoding="UTF-8"?>
<testsuites name="01 - Login" time="14.351" tests="2" failures="0" errors="0">
   <testsuite name="01 - Login" tests="2" failures="0" errors="0" time="14.351" skipped="0" timestamp="2023-10-24 01:16:50" hostname="fathi - LAPTOP-V4SU6GI9" id="Test Suites/01 - Login">
      <properties>
         <property name="deviceName" value=""/>
         <property name="devicePlatform" value=""/>
         <property name="logFolder" value="C:\\Users\\fathi\\git\\portofolio\\Reports\\20231024_011647\\01 - Login\\20231024_011647"/>
         <property name="logFiles" value="C:\\Users\\fathi\\git\\portofolio\\Reports\\20231024_011647\\01 - Login\\20231024_011647\\execution0.log"/>
         <property name="attachments" value="C:\\Users\\fathi\\git\\portofolio\\Reports\\20231024_011647\\01 - Login\\20231024_011647\\1698085020661.png"/>
         <property name="hostName" value="fathi - LAPTOP-V4SU6GI9"/>
         <property name="os" value="Windows 11 64bit"/>
         <property name="katalonVersion" value="8.6.8.208"/>
         <property name="browser" value="Chrome 118.0.0.0"/>
         <property name="hostAddress" value="192.168.1.106"/>
         <property name="sessionId" value="33f6aa29e792d84392a38e5393513464"/>
         <property name="seleniumVersion" value="3.141.59"/>
         <property name="proxyInformation" value="ProxyInformation { proxyOption=NO_PROXY, proxyServerType=HTTP, username=, password=********, proxyServerAddress=, proxyServerPort=0, executionList=&quot;&quot;, isApplyToDesiredCapabilities=true }"/>
         <property name="platform" value="Windows 11"/>
      </properties>
      <testcase name="Test Cases/00 - Open Orange HRM" time="10.455" classname="Test Cases/00 - Open Orange HRM" status="PASSED">
         <system-out><![CDATA[2023-10-24 01:16:50 - [TEST_CASE][PASSED] - Test Cases/00 - Open Orange HRM: Test Cases/00 - Open Orange HRM

2023-10-24 01:16:50 - [TEST_STEP][PASSED] - openBrowser(url): Browser is opened with url: 'https://opensource-demo.orangehrmlive.com/web/index.php/auth/login'

2023-10-24 01:16:51 - [MESSAGE][INFO] - Starting 'Chrome' driver

2023-10-24 01:16:51 - [MESSAGE][INFO] - Action delay is set to 0 milliseconds

2023-10-24 01:16:58 - [MESSAGE][PASSED] - Browser is opened with url: 'https://opensource-demo.orangehrmlive.com/web/index.php/auth/login'

2023-10-24 01:16:58 - [TEST_STEP][PASSED] - delay(2): Delayed 2 second(s)

2023-10-24 01:17:00 - [MESSAGE][PASSED] - Delayed 2 second(s)

2023-10-24 01:17:00 - [TEST_STEP][PASSED] - takeScreenshot(): Taking screenshot successfully

2023-10-24 01:17:00 - [MESSAGE][PASSED] - Taking screenshot successfully
[[ATTACHMENT|C:\\Users\\fathi\\git\\portofolio\\Reports\\20231024_011647\\01 - Login\\20231024_011647\\1698085020661.png]]

2023-10-24 01:17:00 - [TEST_STEP][PASSED] - maximizeWindow(): Current window maximized

2023-10-24 01:17:00 - [MESSAGE][PASSED] - Current window maximized]]></system-out>
         <system-err><![CDATA[]]></system-err>
      </testcase>
      <testcase name="Test Cases/01 - Login/01 - Inquiry Username" time="3.623" classname="Test Cases/01 - Login/01 - Inquiry Username" status="PASSED">
         <system-out><![CDATA[2023-10-24 01:17:00 - [TEST_CASE][PASSED] - Test Cases/01 - Login/01 - Inquiry Username: Test Cases/01 - Login/01 - Inquiry Username

2023-10-24 01:17:01 - [TEST_STEP][PASSED] - delay(2): Delayed 2 second(s)

2023-10-24 01:17:03 - [MESSAGE][PASSED] - Delayed 2 second(s)

2023-10-24 01:17:03 - [TEST_STEP][PASSED] - username = findTestData("Data Files/01 - Login Page"): null

2023-10-24 01:17:03 - [TEST_STEP][PASSED] - usernameobj = findTestObject("Object Repository/01 - Login Page/01 - username"): null

2023-10-24 01:17:03 - [TEST_STEP][PASSED] - setText(usernameobj, username.getValue("username", 1)): Text 'Admin' is set on object 'Object Repository/01 - Login Page/01 - username'

2023-10-24 01:17:04 - [MESSAGE][PASSED] - Text 'Admin' is set on object 'Object Repository/01 - Login Page/01 - username']]></system-out>
         <system-err><![CDATA[]]></system-err>
      </testcase>
      <system-out><![CDATA[2023-10-24 01:16:50 - [TEST_SUITE][PASSED] - 01 - Login: Test Cases/01 - Login/01 - Inquiry Username]]></system-out>
      <system-err><![CDATA[]]></system-err>
   </testsuite>
</testsuites>
