<?xml version="1.0" encoding="UTF-8"?>
<testsuites name="01 - Login" time="27.989" tests="4" failures="0" errors="0">
   <testsuite name="01 - Login" tests="4" failures="0" errors="0" time="27.989" skipped="0" timestamp="2023-10-24 01:24:37" hostname="fathi - LAPTOP-V4SU6GI9" id="Test Suites/01 - Login">
      <properties>
         <property name="deviceName" value=""/>
         <property name="devicePlatform" value=""/>
         <property name="logFolder" value="C:\\Users\\fathi\\git\\portofolio\\Reports\\20231024_012427\\01 - Login\\20231024_012427"/>
         <property name="logFiles" value="C:\\Users\\fathi\\git\\portofolio\\Reports\\20231024_012427\\01 - Login\\20231024_012427\\execution0.log"/>
         <property name="attachments" value="C:\\Users\\fathi\\git\\portofolio\\Reports\\20231024_012427\\01 - Login\\20231024_012427\\1698085486641.png, C:\\Users\\fathi\\git\\portofolio\\Reports\\20231024_012427\\01 - Login\\20231024_012427\\1698085493005.png, C:\\Users\\fathi\\git\\portofolio\\Reports\\20231024_012427\\01 - Login\\20231024_012427\\1698085498447.png, C:\\Users\\fathi\\git\\portofolio\\Reports\\20231024_012427\\01 - Login\\20231024_012427\\1698085505388.png"/>
         <property name="hostName" value="fathi - LAPTOP-V4SU6GI9"/>
         <property name="os" value="Windows 11 64bit"/>
         <property name="katalonVersion" value="8.6.8.208"/>
         <property name="browser" value="Chrome 118.0.0.0"/>
         <property name="hostAddress" value="192.168.1.106"/>
         <property name="sessionId" value="955bc2dc2ff3d65c9f1115e3767cfe55"/>
         <property name="seleniumVersion" value="3.141.59"/>
         <property name="proxyInformation" value="ProxyInformation { proxyOption=NO_PROXY, proxyServerType=HTTP, username=, password=********, proxyServerAddress=, proxyServerPort=0, executionList=&quot;&quot;, isApplyToDesiredCapabilities=true }"/>
         <property name="platform" value="Windows 11"/>
      </properties>
      <testcase name="Test Cases/00 - Open Orange HRM" time="9.017" classname="Test Cases/00 - Open Orange HRM" status="PASSED">
         <system-out><![CDATA[2023-10-24 01:24:37 - [TEST_CASE][PASSED] - Test Cases/00 - Open Orange HRM: Test Cases/00 - Open Orange HRM

2023-10-24 01:24:38 - [TEST_STEP][PASSED] - openBrowser(url): Browser is opened with url: 'https://opensource-demo.orangehrmlive.com/web/index.php/auth/login'

2023-10-24 01:24:38 - [MESSAGE][INFO] - Starting 'Chrome' driver

2023-10-24 01:24:38 - [MESSAGE][INFO] - Action delay is set to 0 milliseconds

2023-10-24 01:24:44 - [MESSAGE][PASSED] - Browser is opened with url: 'https://opensource-demo.orangehrmlive.com/web/index.php/auth/login'

2023-10-24 01:24:44 - [TEST_STEP][PASSED] - delay(2): Delayed 2 second(s)

2023-10-24 01:24:46 - [MESSAGE][PASSED] - Delayed 2 second(s)

2023-10-24 01:24:46 - [TEST_STEP][PASSED] - takeScreenshot(): Taking screenshot successfully

2023-10-24 01:24:46 - [MESSAGE][PASSED] - Taking screenshot successfully
[[ATTACHMENT|C:\\Users\\fathi\\git\\portofolio\\Reports\\20231024_012427\\01 - Login\\20231024_012427\\1698085486641.png]]

2023-10-24 01:24:46 - [TEST_STEP][PASSED] - maximizeWindow(): Current window maximized

2023-10-24 01:24:46 - [MESSAGE][PASSED] - Current window maximized]]></system-out>
         <system-err><![CDATA[]]></system-err>
      </testcase>
      <testcase name="Test Cases/01 - Login/01 - Inquiry Username" time="6.204" classname="Test Cases/01 - Login/01 - Inquiry Username" status="PASSED">
         <system-out><![CDATA[2023-10-24 01:24:46 - [TEST_CASE][PASSED] - Test Cases/01 - Login/01 - Inquiry Username: Test Cases/01 - Login/01 - Inquiry Username

2023-10-24 01:24:47 - [TEST_STEP][PASSED] - delay(2): Delayed 2 second(s)

2023-10-24 01:24:49 - [MESSAGE][PASSED] - Delayed 2 second(s)

2023-10-24 01:24:49 - [TEST_STEP][PASSED] - username = findTestData("Data Files/01 - Login Page"): null

2023-10-24 01:24:49 - [TEST_STEP][PASSED] - usernameobj = findTestObject("Object Repository/01 - Login Page/01 - username"): null

2023-10-24 01:24:49 - [TEST_STEP][PASSED] - setText(usernameobj, username.getValue("username", 1)): Text 'Admin' is set on object 'Object Repository/01 - Login Page/01 - username'

2023-10-24 01:24:50 - [MESSAGE][PASSED] - Text 'Admin' is set on object 'Object Repository/01 - Login Page/01 - username'

2023-10-24 01:24:50 - [TEST_STEP][PASSED] - delay(2): Delayed 2 second(s)

2023-10-24 01:24:52 - [MESSAGE][PASSED] - Delayed 2 second(s)

2023-10-24 01:24:52 - [TEST_STEP][PASSED] - takeScreenshot(): Taking screenshot successfully

2023-10-24 01:24:53 - [MESSAGE][PASSED] - Taking screenshot successfully
[[ATTACHMENT|C:\\Users\\fathi\\git\\portofolio\\Reports\\20231024_012427\\01 - Login\\20231024_012427\\1698085493005.png]]]]></system-out>
         <system-err><![CDATA[]]></system-err>
      </testcase>
      <testcase name="Test Cases/01 - Login/02 - Inquiry Password" time="5.472" classname="Test Cases/01 - Login/02 - Inquiry Password" status="PASSED">
         <system-out><![CDATA[2023-10-24 01:24:53 - [TEST_CASE][PASSED] - Test Cases/01 - Login/02 - Inquiry Password: Test Cases/01 - Login/02 - Inquiry Password

2023-10-24 01:24:53 - [TEST_STEP][PASSED] - delay(2): Delayed 2 second(s)

2023-10-24 01:24:55 - [MESSAGE][PASSED] - Delayed 2 second(s)

2023-10-24 01:24:55 - [TEST_STEP][PASSED] - username = findTestData("Data Files/01 - Login Page"): null

2023-10-24 01:24:55 - [TEST_STEP][PASSED] - usernameobj = findTestObject("Object Repository/01 - Login Page/02 - password"): null

2023-10-24 01:24:55 - [TEST_STEP][PASSED] - setText(usernameobj, username.getValue("password", 1)): Text 'admin123' is set on object 'Object Repository/01 - Login Page/02 - password'

2023-10-24 01:24:56 - [MESSAGE][PASSED] - Text 'admin123' is set on object 'Object Repository/01 - Login Page/02 - password'

2023-10-24 01:24:56 - [TEST_STEP][PASSED] - delay(2): Delayed 2 second(s)

2023-10-24 01:24:58 - [MESSAGE][PASSED] - Delayed 2 second(s)

2023-10-24 01:24:58 - [TEST_STEP][PASSED] - takeScreenshot(): Taking screenshot successfully

2023-10-24 01:24:58 - [MESSAGE][PASSED] - Taking screenshot successfully
[[ATTACHMENT|C:\\Users\\fathi\\git\\portofolio\\Reports\\20231024_012427\\01 - Login\\20231024_012427\\1698085498447.png]]]]></system-out>
         <system-err><![CDATA[]]></system-err>
      </testcase>
      <testcase name="Test Cases/01 - Login/03 - Klik Tombol Login" time="7.025" classname="Test Cases/01 - Login/03 - Klik Tombol Login" status="PASSED">
         <system-out><![CDATA[2023-10-24 01:24:58 - [TEST_CASE][PASSED] - Test Cases/01 - Login/03 - Klik Tombol Login: Test Cases/01 - Login/03 - Klik Tombol Login

2023-10-24 01:24:58 - [TEST_STEP][PASSED] - delay(2): Delayed 2 second(s)

2023-10-24 01:25:01 - [MESSAGE][PASSED] - Delayed 2 second(s)

2023-10-24 01:25:01 - [TEST_STEP][PASSED] - loginbtn = findTestObject("Object Repository/01 - Login Page/03 - login btn"): null

2023-10-24 01:25:01 - [TEST_STEP][PASSED] - click(loginbtn): Object: 'Object Repository/01 - Login Page/03 - login btn' is clicked on

2023-10-24 01:25:01 - [MESSAGE][PASSED] - Object: 'Object Repository/01 - Login Page/03 - login btn' is clicked on

2023-10-24 01:25:01 - [TEST_STEP][PASSED] - delay(2): Delayed 2 second(s)

2023-10-24 01:25:03 - [MESSAGE][PASSED] - Delayed 2 second(s)

2023-10-24 01:25:03 - [TEST_STEP][PASSED] - takeScreenshot(): Taking screenshot successfully

2023-10-24 01:25:05 - [MESSAGE][PASSED] - Taking screenshot successfully
[[ATTACHMENT|C:\\Users\\fathi\\git\\portofolio\\Reports\\20231024_012427\\01 - Login\\20231024_012427\\1698085505388.png]]]]></system-out>
         <system-err><![CDATA[]]></system-err>
      </testcase>
      <system-out><![CDATA[2023-10-24 01:24:37 - [TEST_SUITE][PASSED] - 01 - Login: Test Cases/01 - Login/03 - Klik Tombol Login]]></system-out>
      <system-err><![CDATA[]]></system-err>
   </testsuite>
</testsuites>
